500 0  508.827852
100 0  216.424670
200 0  417.492727
300 0  223.314753
400 0  409.282437
500 0  359.412622
600 0  583.584725
700 0  549.370173
800 0  494.306928
900 0  574.472011
1000 0  583.477224
1100 0  471.092635
1200 0  634.476631
1300 0  599.352179
1400 0  553.719192
1500 0  604.614177
1600 0  617.755850
1700 0  615.662827
1800 0  666.870640
1900 0  448.426933
2000 0  621.573907
2100 0  524.033164
2200 66  367.312370
2300 9  235.982291
2400 94  338.816760
2500 317  399.615209
2600 119  289.713784
2700 95  300.041417
2800 54  445.250984
2900 12  367.792386
3000 45  373.310767
3100 0  580.357362
3200 111  427.152586
3300 438  554.440485
3400 68  341.289786
3500 407  484.516384
3600 9  537.924172
3700 194  343.298869
3800 334  539.467483
3900 505  448.947511
4000 340  587.692660
4100 70  287.887535
4200 65  485.894058
4300 81  422.536983
4400 20  369.282576
4500 568  428.668656
4600 67  473.119181
4695 380  233.642726
4800 33  416.543210
4900 44  365.204249
5000 145  341.013757
