100 0  458.190590
200 0  560.510869
300 0  724.037403
400 0  794.196303
500 0  811.267206
600 0  810.470129
700 0  870.562283
800 0  818.691460
900 0  752.563266
1000 0  849.948926
1100 0  768.221588
1200 0  633.574940
1300 0  813.533931
1400 0  774.889019
1500 0  797.670449
1600 0  503.606518
1700 0  834.334543
1800 0  765.659495
1900 0  508.408046
2000 0  803.183044
2100 0  772.358845
2200 112  284.596179
2300 0  844.690116
2400 0  857.178690
2500 0  737.026703
2600 0  830.073944
2700 0  792.654421
2800 0  783.935108
2900 0  662.490810
3000 0  703.351106
3100 0  768.062515
3200 0  829.775093
3300 0  449.345275
3400 1133  499.854755
3500 667  643.255921
3600 0  759.417118
3700 1217  573.330896
3800 1345  424.696076
3900 0  671.337331
4000 0  525.411941
