100 0  448.277406
200 0  575.127638
300 0  642.539600
400 0  665.783595
500 0  672.025275
600 0  678.609625
700 0  681.533657
800 0  674.119705
900 0  683.941256
1000 0  687.326109
1100 0  667.501002
1200 0  678.035499
1300 0  639.884791
1400 0  689.256951
1500 0  678.270359
1600 0  673.708629
1700 0  657.715227
1800 0  653.629125
1900 0  690.521814
2000 0  687.363080
2100 0  651.024444
2200 0  690.309455
2300 0  689.721871
2400 0  674.413877
2500 0  691.226727
2600 0  673.513317
2700 0  690.570179
2800 0  538.661944
2900 48  321.502031
3000 0  625.909417
3100 0  532.184384
3200 0  415.006654
3300 0  429.260857
3400 0  530.196778
3500 0  512.573907
3600 0  464.013616
3700 0  483.497117
3800 0  539.975801
3900 0  499.598871
4000 0  412.627585
4100 0  434.228210
4200 0  335.060708
4300 0  427.452893
4400 0  517.624112
4500 0  488.626572
4600 0  346.091027
4700 7  515.115988
4800 0  536.954182
4900 0  457.266245
5000 4  518.883453
