100 0  1015.646883
200 0  1016.491916
300 0  1041.829756
400 0  1053.185144
500 0  1030.861426
600 0  1012.380386
700 0  1023.909053
800 0  1020.476598
900 0  1019.356504
1000 0  1016.018060
1100 0  998.075293
1200 0  1007.359798
1300 0  1015.975503
1400 0  748.355802
1500 0  1006.519085
1600 0  1012.016450
1700 0  1011.881678
1800 0  998.364924
1900 0  1007.520005
2000 0  1006.820847
2100 0  1015.705888
2200 0  1011.021132
2300 0  1011.673175
2400 0  1008.120726
2500 0  1005.762306
2600 0  998.723852
2700 0  1017.893972
2800 1163  319.537063
2900 0  1000.997846
3000 681  631.140982
3100 1060  380.395703
